{"/Users/oryah/repo/r-test/src/App.spec.tsx": {"path":"/Users/oryah/repo/r-test/src/App.spec.tsx","all":false,"statementMap":{"0":{"start":{"line":1,"column":0},"end":{"line":1,"column":56}},"1":{"start":{"line":2,"column":0},"end":{"line":2,"column":24}},"3":{"start":{"line":4,"column":0},"end":{"line":4,"column":23}},"4":{"start":{"line":5,"column":0},"end":{"line":5,"column":41}},"5":{"start":{"line":6,"column":0},"end":{"line":6,"column":20}},"7":{"start":{"line":8,"column":0},"end":{"line":8,"column":58}},"8":{"start":{"line":9,"column":0},"end":{"line":9,"column":5}},"9":{"start":{"line":10,"column":0},"end":{"line":10,"column":3}}},"s":{"0":1,"1":1,"3":1,"4":1,"5":1,"7":1,"8":1,"9":1},"branchMap":{"0":{"type":"branch","line":4,"loc":{"start":{"line":4,"column":16},"end":{"line":10,"column":3}},"locations":[{"start":{"line":4,"column":16},"end":{"line":10,"column":3}}]},"1":{"type":"branch","line":5,"loc":{"start":{"line":5,"column":34},"end":{"line":9,"column":3}},"locations":[{"start":{"line":5,"column":34},"end":{"line":9,"column":3}}]}},"b":{"0":[1],"1":[1]},"fnMap":{},"f":{}}
,"/Users/oryah/repo/r-test/src/App.tsx": {"path":"/Users/oryah/repo/r-test/src/App.tsx","all":false,"statementMap":{"0":{"start":{"line":1,"column":0},"end":{"line":1,"column":44}},"2":{"start":{"line":3,"column":0},"end":{"line":3,"column":16}},"3":{"start":{"line":4,"column":0},"end":{"line":4,"column":40}},"5":{"start":{"line":6,"column":0},"end":{"line":6,"column":17}},"7":{"start":{"line":8,"column":0},"end":{"line":8,"column":19}},"8":{"start":{"line":9,"column":0},"end":{"line":9,"column":19}},"9":{"start":{"line":10,"column":0},"end":{"line":10,"column":18}},"10":{"start":{"line":11,"column":0},"end":{"line":11,"column":21}},"11":{"start":{"line":12,"column":0},"end":{"line":12,"column":6}},"12":{"start":{"line":13,"column":0},"end":{"line":13,"column":14}},"14":{"start":{"line":15,"column":0},"end":{"line":15,"column":19}},"15":{"start":{"line":16,"column":0},"end":{"line":16,"column":19}},"16":{"start":{"line":17,"column":0},"end":{"line":17,"column":27}},"17":{"start":{"line":18,"column":0},"end":{"line":18,"column":9}},"19":{"start":{"line":20,"column":0},"end":{"line":20,"column":33}},"20":{"start":{"line":21,"column":0},"end":{"line":21,"column":1}},"22":{"start":{"line":23,"column":0},"end":{"line":23,"column":46}},"23":{"start":{"line":24,"column":0},"end":{"line":24,"column":19}},"24":{"start":{"line":25,"column":0},"end":{"line":25,"column":19}},"25":{"start":{"line":26,"column":0},"end":{"line":26,"column":18}},"26":{"start":{"line":27,"column":0},"end":{"line":27,"column":21}},"27":{"start":{"line":28,"column":0},"end":{"line":28,"column":6}},"28":{"start":{"line":29,"column":0},"end":{"line":29,"column":14}},"29":{"start":{"line":30,"column":0},"end":{"line":30,"column":26}},"30":{"start":{"line":31,"column":0},"end":{"line":31,"column":1}},"32":{"start":{"line":33,"column":0},"end":{"line":33,"column":19}}},"s":{"0":1,"2":2,"3":2,"5":2,"7":2,"8":2,"9":2,"10":2,"11":2,"12":2,"14":2,"15":1,"16":1,"17":2,"19":2,"20":2,"22":2,"23":2,"24":2,"25":2,"26":2,"27":2,"28":2,"29":2,"30":2,"32":1},"branchMap":{"0":{"type":"branch","line":3,"loc":{"start":{"line":3,"column":0},"end":{"line":21,"column":1}},"locations":[{"start":{"line":3,"column":0},"end":{"line":21,"column":1}}]},"1":{"type":"branch","line":8,"loc":{"start":{"line":8,"column":12},"end":{"line":13,"column":5}},"locations":[{"start":{"line":8,"column":12},"end":{"line":13,"column":5}}]},"2":{"type":"branch","line":10,"loc":{"start":{"line":10,"column":11},"end":{"line":12,"column":6}},"locations":[{"start":{"line":10,"column":11},"end":{"line":12,"column":6}}]},"3":{"type":"branch","line":15,"loc":{"start":{"line":15,"column":12},"end":{"line":18,"column":5}},"locations":[{"start":{"line":15,"column":12},"end":{"line":18,"column":5}}]},"4":{"type":"branch","line":17,"loc":{"start":{"line":17,"column":13},"end":{"line":17,"column":25}},"locations":[{"start":{"line":17,"column":13},"end":{"line":17,"column":25}}]},"5":{"type":"branch","line":23,"loc":{"start":{"line":23,"column":0},"end":{"line":31,"column":1}},"locations":[{"start":{"line":23,"column":0},"end":{"line":31,"column":1}}]},"6":{"type":"branch","line":24,"loc":{"start":{"line":24,"column":12},"end":{"line":29,"column":5}},"locations":[{"start":{"line":24,"column":12},"end":{"line":29,"column":5}}]},"7":{"type":"branch","line":26,"loc":{"start":{"line":26,"column":11},"end":{"line":28,"column":6}},"locations":[{"start":{"line":26,"column":11},"end":{"line":28,"column":6}}]}},"b":{"0":[2],"1":[2],"2":[2],"3":[1],"4":[1],"5":[2],"6":[2],"7":[2]},"fnMap":{"0":{"name":"App","decl":{"start":{"line":3,"column":0},"end":{"line":21,"column":1}},"loc":{"start":{"line":3,"column":0},"end":{"line":21,"column":1}},"line":3},"1":{"name":"Child","decl":{"start":{"line":23,"column":0},"end":{"line":31,"column":1}},"loc":{"start":{"line":23,"column":0},"end":{"line":31,"column":1}},"line":23}},"f":{"0":2,"1":2}}
}
